Mplus VERSION 8.2 (Linux)
MUTHEN & MUTHEN
12/28/2018  10:35 AM

INPUT INSTRUCTIONS

  DATA:
  FILE = "mplus/height/height0.dat";

  VARIABLE:
  NAMES = height;
   MISSING=.;

  ANALYSIS:
  estimator = bayes;
  MODEL:
  [height](mu);
  MODEL PRIORS:
  mu~N(178,20);



*** WARNING in MODEL command
  All variables are uncorrelated with all other variables in the model.
  Check that this is what is intended.
   1 WARNING(S) FOUND IN THE INPUT INSTRUCTIONS




SUMMARY OF ANALYSIS

Number of groups                                                 1
Number of observations                                         352

Number of dependent variables                                    1
Number of independent variables                                  0
Number of continuous latent variables                            0

Observed dependent variables

  Continuous
   HEIGHT


Estimator                                                    BAYES
Specifications for Bayesian Estimation
  Point estimate                                            MEDIAN
  Number of Markov chain Monte Carlo (MCMC) chains               2
  Random seed for the first chain                                0
  Starting value information                           UNPERTURBED
  Algorithm used for Markov chain Monte Carlo           GIBBS(PX1)
  Convergence criterion                                  0.500D-01
  Maximum number of iterations                               50000
  K-th iteration used for thinning                               1

Input data file(s)
  mplus/height/height0.dat
Input data format  FREE


SUMMARY OF DATA



COVARIANCE COVERAGE OF DATA

Minimum covariance coverage value   0.100

     Number of missing data patterns             1


     PROPORTION OF DATA PRESENT


           Covariance Coverage
              HEIGHT
              ________
 HEIGHT         1.000



UNIVARIATE SAMPLE STATISTICS


     UNIVARIATE HIGHER-ORDER MOMENT DESCRIPTIVE STATISTICS

         Variable/         Mean/     Skewness/   Minimum/ % with                Percentiles
        Sample Size      Variance    Kurtosis    Maximum  Min/Max      20%/60%    40%/80%    Median

     HEIGHT              154.597       0.151     136.525    0.57%     147.320    152.400    154.305
             352.000      59.773      -0.494     179.070    0.28%     156.845    161.290


THE MODEL ESTIMATION TERMINATED NORMALLY

     USE THE FBITERATIONS OPTION TO INCREASE THE NUMBER OF ITERATIONS BY A FACTOR
     OF AT LEAST TWO TO CHECK CONVERGENCE AND THAT THE PSR VALUE DOES NOT INCREASE.



MODEL FIT INFORMATION

Number of Free Parameters                               2

Bayesian Posterior Predictive Checking using Chi-Square

          95% Confidence Interval for the Difference Between
          the Observed and the Replicated Chi-Square Values

                                 -2.445             3.165

          Posterior Predictive P-Value              0.333

Information Criteria

          Deviance (DIC)                         2442.550
          Estimated Number of Parameters (pD)       1.743
          Bayesian (BIC)                         2450.803



MODEL RESULTS

                                Posterior  One-Tailed         95% C.I.
                    Estimate       S.D.      P-Value   Lower 2.5%  Upper 2.5%  Significance

 Means
    HEIGHT           154.794       0.421      0.000     153.968     155.599      *

 Variances
    HEIGHT            60.705       4.348      0.000      50.894      68.249      *


     Beginning Time:  10:35:15
        Ending Time:  10:35:15
       Elapsed Time:  00:00:00



MUTHEN & MUTHEN
3463 Stoner Ave.
Los Angeles, CA  90066

Tel: (310) 391-9971
Fax: (310) 391-8971
Web: www.StatModel.com
Support: Support@StatModel.com

Copyright (c) 1998-2018 Muthen & Muthen
